2026-01-11 15:27:12,298 - Dataset uploaded: AED4weeks.csv
2026-01-11 15:27:12,562 - Dataset uploaded: AED4weeks.csv
2026-01-11 15:27:12,880 - Dataset uploaded: AED4weeks.csv
2026-01-11 15:27:13,125 - Dataset uploaded: AED4weeks.csv
2026-01-11 15:27:13,335 - Dataset uploaded: AED4weeks.csv
2026-01-11 15:27:13,569 - Dataset uploaded: AED4weeks.csv
2026-01-11 15:27:13,752 - Dataset uploaded: AED4weeks.csv
2026-01-11 15:27:13,984 - Dataset uploaded: AED4weeks.csv
2026-01-11 15:27:14,183 - Dataset uploaded: AED4weeks.csv
2026-01-11 15:27:14,377 - Dataset uploaded: AED4weeks.csv
2026-01-11 15:27:14,569 - Dataset uploaded: AED4weeks.csv
2026-01-11 15:27:14,801 - Dataset uploaded: AED4weeks.csv
2026-01-11 15:27:15,014 - Dataset uploaded: AED4weeks.csv
2026-01-11 15:27:15,247 - Dataset uploaded: AED4weeks.csv
2026-01-11 15:27:15,486 - Dataset uploaded: AED4weeks.csv
2026-01-11 15:27:15,680 - Dataset uploaded: AED4weeks.csv
2026-01-11 15:27:15,864 - Dataset uploaded: AED4weeks.csv
2026-01-11 15:27:16,069 - Dataset uploaded: AED4weeks.csv
2026-01-11 15:27:16,321 - Dataset uploaded: AED4weeks.csv
2026-01-11 15:27:16,516 - Dataset uploaded: AED4weeks.csv
2026-01-11 15:27:16,708 - Dataset uploaded: AED4weeks.csv
2026-01-11 15:27:16,916 - Dataset uploaded: AED4weeks.csv
2026-01-11 15:27:17,108 - Dataset uploaded: AED4weeks.csv
2026-01-11 15:27:17,330 - Dataset uploaded: AED4weeks.csv
2026-01-11 15:27:17,531 - Dataset uploaded: AED4weeks.csv
2026-01-11 15:27:17,725 - Dataset uploaded: AED4weeks.csv
2026-01-11 15:27:17,942 - Dataset uploaded: AED4weeks.csv
2026-01-11 15:27:18,139 - Dataset uploaded: AED4weeks.csv
2026-01-11 15:27:18,342 - Dataset uploaded: AED4weeks.csv
2026-01-11 15:27:18,535 - Dataset uploaded: AED4weeks.csv
2026-01-11 15:27:18,780 - Dataset uploaded: AED4weeks.csv
2026-01-11 15:27:18,968 - Dataset uploaded: AED4weeks.csv
2026-01-11 15:27:19,169 - Dataset uploaded: AED4weeks.csv
2026-01-11 15:27:19,359 - Dataset uploaded: AED4weeks.csv
2026-01-11 15:27:19,586 - Dataset uploaded: AED4weeks.csv
2026-01-11 15:27:33,675 - Dataset uploaded: AED4weeks.csv
2026-01-11 15:27:33,922 - Dataset uploaded: AED4weeks.csv
2026-01-11 15:27:34,209 - Dataset uploaded: AED4weeks.csv
2026-01-11 15:27:34,483 - Dataset uploaded: AED4weeks.csv
2026-01-11 15:27:34,751 - Dataset uploaded: AED4weeks.csv
2026-01-11 15:27:35,010 - Dataset uploaded: AED4weeks.csv
2026-01-11 15:27:35,196 - Dataset uploaded: AED4weeks.csv
2026-01-11 15:27:35,397 - Dataset uploaded: AED4weeks.csv
2026-01-11 15:27:35,650 - Dataset uploaded: AED4weeks.csv
2026-01-11 15:27:35,863 - Dataset uploaded: AED4weeks.csv
2026-01-11 15:27:36,055 - Dataset uploaded: AED4weeks.csv
2026-01-11 15:27:36,302 - Dataset uploaded: AED4weeks.csv
2026-01-11 15:27:36,496 - Dataset uploaded: AED4weeks.csv
2026-01-11 15:27:36,688 - Dataset uploaded: AED4weeks.csv
2026-01-11 15:27:36,909 - Dataset uploaded: AED4weeks.csv
2026-01-11 15:27:37,105 - Dataset uploaded: AED4weeks.csv
2026-01-11 15:27:37,303 - Dataset uploaded: AED4weeks.csv
2026-01-11 15:27:37,614 - Dataset uploaded: AED4weeks.csv
2026-01-11 15:27:37,877 - Dataset uploaded: AED4weeks.csv
2026-01-11 15:27:38,100 - Dataset uploaded: AED4weeks.csv
2026-01-11 15:27:38,367 - Dataset uploaded: AED4weeks.csv
2026-01-11 15:27:38,626 - Dataset uploaded: AED4weeks.csv
2026-01-11 15:27:38,933 - Dataset uploaded: AED4weeks.csv
2026-01-11 15:27:47,370 - Viewed schedule (Cost) for Mon
2026-01-11 15:27:47,471 - Viewed schedule (Fairness) for Mon
2026-01-11 15:27:47,560 - Viewed schedule (Skill) for Mon
2026-01-11 15:27:56,177 - Viewed schedule (Cost) for Tue
2026-01-11 15:27:56,267 - Viewed schedule (Fairness) for Mon
2026-01-11 15:27:56,362 - Viewed schedule (Skill) for Mon
2026-01-11 15:28:00,636 - Viewed schedule (Cost) for Wed
2026-01-11 15:28:00,732 - Viewed schedule (Fairness) for Mon
2026-01-11 15:28:00,829 - Viewed schedule (Skill) for Mon
2026-01-11 15:28:03,548 - Viewed schedule (Cost) for Thu
2026-01-11 15:28:03,677 - Viewed schedule (Fairness) for Mon
2026-01-11 15:28:03,767 - Viewed schedule (Skill) for Mon
2026-01-11 15:28:29,045 - Filtered Age between 1.0 and 108.0
2026-01-11 15:28:41,634 - Program reset
2026-01-11 15:29:37,761 - Action: DATA_UPLOAD | Details: File: AED4weeks.csv, Records: 8781
2026-01-11 15:29:48,795 - Action: DATA_UPLOAD | Details: File: AED4weeks.csv, Records: 8781
2026-01-11 15:29:48,810 - Action: APP_START | Details: User launched application
2026-01-11 15:29:49,035 - Action: PAGE_VIEW | Details: Dashboard
2026-01-11 15:29:56,372 - Action: PAGE_VIEW | Details: Scheduling
2026-01-11 15:29:58,245 - Action: PAGE_VIEW | Details: Scheduling
2026-01-11 15:29:58,427 - Action: SCHEDULE_OPTIMIZATION | Details: Task 1 - Cost: £1,755.00
2026-01-11 15:30:03,623 - Action: PAGE_VIEW | Details: Scheduling
2026-01-11 15:30:03,752 - Action: SCHEDULE_OPTIMIZATION | Details: Task 2 - Deviation: 3.67
2026-01-11 15:30:13,469 - Action: PAGE_VIEW | Details: Scheduling
2026-01-11 15:30:13,589 - Action: SCHEDULE_OPTIMIZATION | Details: Task 3 - Cost: £1,762.00
2026-01-11 15:30:26,243 - Action: PAGE_VIEW | Details: Analytics
2026-01-11 15:30:31,281 - Action: PAGE_VIEW | Details: Sampling
2026-01-11 15:30:31,305 - Action: SAMPLING | Details: Size: 400, Seed: 67
2026-01-11 15:30:34,916 - Action: PAGE_VIEW | Details: Sampling
2026-01-11 15:30:34,927 - Action: SAMPLING | Details: Size: 350, Seed: 67
2026-01-11 15:30:36,533 - Action: PAGE_VIEW | Details: Sampling
2026-01-11 15:30:36,542 - Action: SAMPLING | Details: Size: 400, Seed: 67
2026-01-11 15:30:44,460 - Action: PAGE_VIEW | Details: Data Management
2026-01-11 15:30:53,012 - Action: PAGE_VIEW | Details: Data Management
2026-01-11 15:30:55,672 - Action: PAGE_VIEW | Details: Data Management
2026-01-11 15:31:04,372 - Action: PAGE_VIEW | Details: Data Management
2026-01-11 15:31:04,730 - Action: PAGE_VIEW | Details: Data Management
2026-01-11 15:31:05,432 - Action: PAGE_VIEW | Details: Data Management
2026-01-11 15:31:17,749 - Action: PAGE_VIEW | Details: Data Management
2026-01-11 15:31:20,334 - Action: PAGE_VIEW | Details: Data Management
2026-01-11 15:31:46,009 - Action: SYSTEM_RESET | Details: Application reset to initial state
2026-01-11 15:32:08,911 - Action: DEMO_DATA_LOADED | Details: Demo dataset loaded
2026-01-11 15:32:09,140 - Action: PAGE_VIEW | Details: Dashboard
2026-01-11 15:32:15,275 - Action: PAGE_VIEW | Details: Scheduling
2026-01-11 15:32:19,394 - Action: PAGE_VIEW | Details: Scheduling
2026-01-11 15:32:19,528 - Action: SCHEDULE_OPTIMIZATION | Details: Task 1 - Cost: £1,755.00
2026-01-11 15:32:22,839 - Action: PAGE_VIEW | Details: Scheduling
2026-01-11 15:32:22,933 - Action: SCHEDULE_OPTIMIZATION | Details: Task 2 - Deviation: 3.67
2026-01-11 15:32:27,299 - Action: PAGE_VIEW | Details: Scheduling
2026-01-11 15:32:27,422 - Action: SCHEDULE_OPTIMIZATION | Details: Task 3 - Cost: £1,762.00
2026-01-11 15:32:29,086 - Action: PAGE_VIEW | Details: Dashboard
2026-01-11 15:32:41,689 - Action: PAGE_VIEW | Details: Analytics
2026-01-11 15:32:47,312 - Action: PAGE_VIEW | Details: Sampling
2026-01-11 15:32:51,513 - Action: PAGE_VIEW | Details: Data Management
2026-01-11 15:32:57,944 - Action: PAGE_VIEW | Details: Dashboard
2026-01-11 15:33:01,283 - Action: APP_EXIT | Details: User exited application
2026-01-11 15:34:19,143 - Action: DATA_UPLOAD | Details: File: AED4weeks.csv, Records: 8781
2026-01-11 15:34:26,198 - Action: DATA_UPLOAD | Details: File: AED4weeks.csv, Records: 8781
2026-01-11 15:34:26,211 - Action: APP_START | Details: User launched application
2026-01-11 15:34:26,429 - Action: PAGE_VIEW | Details: Dashboard
2026-01-11 15:34:30,631 - Action: PAGE_VIEW | Details: Scheduling
2026-01-11 15:35:05,201 - Action: PAGE_VIEW | Details: Scheduling
2026-01-11 15:35:05,318 - Action: SCHEDULE_OPTIMIZATION | Details: Task 1 - Cost: £1,755.00
2026-01-11 15:36:26,959 - Action: PAGE_VIEW | Details: Analytics
2026-01-11 15:36:31,764 - Action: PAGE_VIEW | Details: Sampling
2026-01-11 15:36:31,773 - Action: SAMPLING | Details: Size: 400, Seed: 67
2026-01-11 15:36:37,066 - Action: PAGE_VIEW | Details: Sampling
2026-01-11 15:36:37,106 - Action: SAMPLING | Details: Size: 350, Seed: 67
2026-01-11 15:36:39,680 - Action: PAGE_VIEW | Details: Sampling
2026-01-11 15:36:39,699 - Action: SAMPLING | Details: Size: 400, Seed: 67
2026-01-11 15:36:42,002 - Action: PAGE_VIEW | Details: Sampling
2026-01-11 15:36:42,009 - Action: SAMPLING | Details: Size: 500, Seed: 67
2026-01-11 15:36:43,453 - Action: PAGE_VIEW | Details: Sampling
2026-01-11 15:36:43,462 - Action: SAMPLING | Details: Size: 350, Seed: 67
2026-01-11 15:36:47,144 - Action: PAGE_VIEW | Details: Sampling
2026-01-11 15:36:47,177 - Action: SAMPLING | Details: Size: 450, Seed: 67
2026-01-11 15:36:54,964 - Action: PAGE_VIEW | Details: Sampling
2026-01-11 15:36:54,993 - Action: SAMPLING | Details: Size: 400, Seed: 67
2026-01-11 15:36:56,546 - Action: PAGE_VIEW | Details: Sampling
2026-01-11 15:36:56,554 - Action: SAMPLING | Details: Size: 450, Seed: 67
2026-01-11 15:37:35,429 - Action: PAGE_VIEW | Details: Sampling
2026-01-11 15:37:35,438 - Action: SAMPLING | Details: Size: 350, Seed: 67
2026-01-11 15:37:38,025 - Action: PAGE_VIEW | Details: Data Management
2026-01-11 15:40:09,117 - Action: PAGE_VIEW | Details: Data Management
2026-01-11 15:40:18,317 - Action: PAGE_VIEW | Details: Data Management
2026-01-11 15:40:18,653 - Action: PAGE_VIEW | Details: Data Management
2026-01-11 15:40:19,142 - Action: PAGE_VIEW | Details: Data Management
2026-01-11 15:40:19,642 - Action: PAGE_VIEW | Details: Data Management
2026-01-11 15:40:20,056 - Action: PAGE_VIEW | Details: Data Management
2026-01-11 15:40:21,199 - Action: PAGE_VIEW | Details: Data Management
2026-01-11 15:40:22,375 - Action: PAGE_VIEW | Details: Data Management
2026-01-11 15:46:29,554 - Action: DATA_UPLOAD | Details: File: AED4weeks.csv, Records: 8781
2026-01-11 15:46:34,903 - Action: DATA_UPLOAD | Details: File: AED4weeks.csv, Records: 8781
2026-01-11 15:46:34,913 - Action: APP_START | Details: User launched application
2026-01-11 15:46:35,149 - Action: PAGE_VIEW | Details: Dashboard
2026-01-11 15:46:40,131 - Action: PAGE_VIEW | Details: Scheduling
2026-01-11 15:46:42,909 - Action: PAGE_VIEW | Details: Scheduling
2026-01-11 15:46:43,040 - Action: SCHEDULE_OPTIMIZATION | Details: Task 1 - Cost: £1,755.00
2026-01-11 15:46:43,281 - Action: PAGE_VIEW | Details: Scheduling
2026-01-11 15:47:04,032 - Action: PAGE_VIEW | Details: Scheduling
2026-01-11 15:47:04,138 - Action: SCHEDULE_OPTIMIZATION | Details: Task 2 - Deviation: 3.67
2026-01-11 15:47:04,391 - Action: PAGE_VIEW | Details: Scheduling
2026-01-11 15:47:08,846 - Action: PAGE_VIEW | Details: Scheduling
2026-01-11 15:47:09,001 - Action: SCHEDULE_OPTIMIZATION | Details: Task 3 - Cost: £1,762.00
2026-01-11 15:47:09,204 - Action: PAGE_VIEW | Details: Scheduling
2026-01-11 15:47:12,287 - Action: PAGE_VIEW | Details: Analytics
2026-01-11 15:47:18,677 - Action: PAGE_VIEW | Details: Sampling
2026-01-11 15:47:24,836 - Action: PAGE_VIEW | Details: Sampling
2026-01-11 15:47:24,850 - Action: SAMPLING | Details: Size: 400, Seed: 67
2026-01-11 15:47:25,085 - Action: PAGE_VIEW | Details: Sampling
2026-01-11 15:47:29,620 - Action: PAGE_VIEW | Details: Sampling
2026-01-11 15:47:30,723 - Action: PAGE_VIEW | Details: Sampling
2026-01-11 15:47:30,733 - Action: SAMPLING | Details: Size: 350, Seed: 67
2026-01-11 15:47:30,960 - Action: PAGE_VIEW | Details: Sampling
2026-01-11 15:47:34,749 - Action: PAGE_VIEW | Details: Data Management
2026-01-11 15:47:47,647 - Action: PAGE_VIEW | Details: Data Management
2026-01-11 15:47:48,974 - Action: PAGE_VIEW | Details: Data Management
2026-01-11 15:48:01,913 - Action: PAGE_VIEW | Details: Data Management
2026-01-11 15:48:08,170 - Action: PAGE_VIEW | Details: Data Management
2026-01-11 15:48:10,061 - Action: PAGE_VIEW | Details: Data Management
2026-01-11 15:48:37,050 - Action: PAGE_VIEW | Details: Data Management
2026-01-11 15:48:37,413 - Action: PAGE_VIEW | Details: Data Management
2026-01-11 15:48:37,487 - Action: DATA_MODIFY | Details: Updated 2 records: Age = 109.0
2026-01-11 15:48:37,731 - Action: PAGE_VIEW | Details: Data Management
2026-01-11 15:48:59,271 - Action: PAGE_VIEW | Details: Scheduling
2026-01-11 15:50:29,428 - Action: PAGE_VIEW | Details: Sampling
2026-01-11 15:50:30,113 - Action: PAGE_VIEW | Details: Data Management
2026-01-11 15:55:25,139 - Action: DATA_UPLOAD | Details: File: AED4weeks.csv, Records: 8781
2026-01-11 15:55:28,613 - Action: DATA_UPLOAD | Details: File: AED4weeks.csv, Records: 8781
2026-01-11 15:55:28,631 - Action: APP_START | Details: User launched application
2026-01-11 15:55:28,880 - Action: PAGE_VIEW | Details: Dashboard
2026-01-11 15:55:33,861 - Action: PAGE_VIEW | Details: Scheduling
2026-01-11 15:55:35,347 - Action: PAGE_VIEW | Details: Scheduling
2026-01-11 15:55:35,454 - Action: SCHEDULE_OPTIMIZATION | Details: Task 1 - Cost: £1,755.00
2026-01-11 15:55:35,692 - Action: PAGE_VIEW | Details: Scheduling
2026-01-11 15:55:40,318 - Action: PAGE_VIEW | Details: Scheduling
2026-01-11 15:55:42,702 - Action: PAGE_VIEW | Details: Scheduling
2026-01-11 15:55:50,442 - Action: PAGE_VIEW | Details: Scheduling
2026-01-11 15:55:50,607 - Action: SCHEDULE_OPTIMIZATION | Details: Task 2 - Deviation: 3.67
2026-01-11 15:55:50,832 - Action: PAGE_VIEW | Details: Scheduling
2026-01-11 15:55:58,249 - Action: PAGE_VIEW | Details: Scheduling
2026-01-11 15:55:58,470 - Action: SCHEDULE_OPTIMIZATION | Details: Task 3 - Cost: £1,762.00
2026-01-11 15:55:58,731 - Action: PAGE_VIEW | Details: Scheduling
2026-01-11 15:56:03,748 - Action: PAGE_VIEW | Details: Analytics
2026-01-11 15:56:05,982 - Action: PAGE_VIEW | Details: Sampling
2026-01-11 15:56:08,317 - Action: PAGE_VIEW | Details: Sampling
2026-01-11 15:56:08,325 - Action: SAMPLING | Details: Size: 400, Seed: 67
2026-01-11 15:56:08,577 - Action: PAGE_VIEW | Details: Sampling
2026-01-11 15:56:12,119 - Action: PAGE_VIEW | Details: Data Management
2026-01-11 15:56:24,224 - Action: PAGE_VIEW | Details: Data Management
2026-01-11 15:56:28,750 - Action: PAGE_VIEW | Details: Data Management
2026-01-11 15:56:30,023 - Action: PAGE_VIEW | Details: Data Management
2026-01-11 15:56:50,324 - Action: PAGE_VIEW | Details: Data Management
2026-01-11 15:56:50,671 - Action: PAGE_VIEW | Details: Data Management
2026-01-11 15:56:50,763 - Action: DATA_MODIFY | Details: Updated 2 records: Age changed from [101, 102] to 105.0
2026-01-11 15:56:51,040 - Action: PAGE_VIEW | Details: Data Management
2026-01-11 16:52:59,648 - Action: DATA_UPLOAD | Details: File: AED4weeks.csv, Records: 8781
2026-01-11 16:53:01,104 - Action: DATA_UPLOAD | Details: File: AED4weeks.csv, Records: 8781
2026-01-11 16:53:01,111 - Action: APP_START | Details: User launched application
2026-01-11 16:53:01,373 - Action: PAGE_VIEW | Details: Dashboard
2026-01-11 16:53:04,414 - Action: APP_EXIT | Details: User exited application
2026-01-11 16:53:12,299 - Action: DATA_UPLOAD | Details: File: AED4weeks.csv, Records: 8781
2026-01-11 16:53:16,829 - Action: DATA_UPLOAD | Details: File: AED4weeks.csv, Records: 8781
2026-01-11 16:53:16,842 - Action: APP_START | Details: User launched application
2026-01-11 16:53:17,014 - Action: PAGE_VIEW | Details: Dashboard
2026-01-11 16:53:20,923 - Action: PAGE_VIEW | Details: Scheduling
2026-01-11 16:53:22,453 - Action: PAGE_VIEW | Details: Analytics
2026-01-11 16:53:24,264 - Action: PAGE_VIEW | Details: Sampling
2026-01-11 16:53:25,453 - Action: PAGE_VIEW | Details: Data Management
