2026-01-12 12:46:55,637 - INFO - Action: DATA_UPLOAD | Details: File: AED4weeks.csv, Records: 8781
2026-01-12 12:47:08,388 - INFO - Action: DATA_UPLOAD | Details: File: AED4weeks.csv, Records: 8781
2026-01-12 12:47:08,407 - INFO - Action: APP_START | Details: User launched application
2026-01-12 12:47:08,612 - INFO - Action: PAGE_VIEW | Details: Dashboard
2026-01-12 12:47:16,957 - INFO - Action: PAGE_VIEW | Details: Scheduling
2026-01-12 12:47:18,899 - INFO - Action: PAGE_VIEW | Details: Scheduling
2026-01-12 12:47:19,358 - INFO - Action: SCHEDULE_OPTIMIZATION | Details: Task 1 - Cost: £1,755.00
2026-01-12 12:47:19,557 - INFO - Action: PAGE_VIEW | Details: Scheduling
2026-01-12 12:47:25,703 - INFO - Action: PAGE_VIEW | Details: Scheduling
2026-01-12 12:47:31,084 - INFO - Action: PAGE_VIEW | Details: Scheduling
2026-01-12 12:47:31,300 - INFO - Action: SCHEDULE_OPTIMIZATION | Details: Task 2 - Deviation: 3.67
2026-01-12 12:47:31,459 - INFO - Action: PAGE_VIEW | Details: Scheduling
2026-01-12 12:47:49,072 - INFO - Action: PAGE_VIEW | Details: Scheduling
2026-01-12 12:47:49,305 - INFO - Action: SCHEDULE_OPTIMIZATION | Details: Task 3 - Cost: £1,762.00
2026-01-12 12:47:49,522 - INFO - Action: PAGE_VIEW | Details: Scheduling
2026-01-12 12:48:00,358 - INFO - Action: PAGE_VIEW | Details: Analytics
2026-01-12 12:48:07,652 - INFO - Action: PAGE_VIEW | Details: Sampling
2026-01-12 12:48:10,421 - INFO - Action: PAGE_VIEW | Details: Sampling
2026-01-12 12:48:11,163 - INFO - Action: PAGE_VIEW | Details: Sampling
2026-01-12 12:48:13,236 - INFO - Action: PAGE_VIEW | Details: Sampling
2026-01-12 12:48:13,288 - INFO - Action: SAMPLING | Details: Size: 400, Seed: 67
2026-01-12 12:48:13,571 - INFO - Action: PAGE_VIEW | Details: Sampling
2026-01-12 12:49:38,857 - INFO - Action: PAGE_VIEW | Details: Breach Prediction
2026-01-12 12:49:39,108 - INFO - Action: MODEL_LOAD | Details: XGBoost model loaded
2026-01-12 12:49:48,037 - INFO - Action: PAGE_VIEW | Details: Breach Prediction
2026-01-12 12:49:48,481 - INFO - Action: PAGE_VIEW | Details: Breach Prediction
2026-01-12 12:49:50,035 - INFO - Action: PAGE_VIEW | Details: Breach Prediction
2026-01-12 12:49:50,340 - INFO - Action: PAGE_VIEW | Details: Breach Prediction
2026-01-12 12:49:50,594 - INFO - Action: PAGE_VIEW | Details: Breach Prediction
2026-01-12 12:49:51,895 - INFO - Action: PAGE_VIEW | Details: Breach Prediction
2026-01-12 12:49:52,175 - INFO - Action: PAGE_VIEW | Details: Breach Prediction
2026-01-12 12:49:53,487 - INFO - Action: PAGE_VIEW | Details: Breach Prediction
2026-01-12 12:49:53,783 - INFO - Action: PAGE_VIEW | Details: Breach Prediction
2026-01-12 12:49:54,386 - INFO - Action: PAGE_VIEW | Details: Breach Prediction
2026-01-12 12:49:56,002 - INFO - Action: PAGE_VIEW | Details: Breach Prediction
2026-01-12 12:49:57,859 - INFO - Action: PAGE_VIEW | Details: Breach Prediction
2026-01-12 12:49:59,578 - INFO - Action: PAGE_VIEW | Details: Breach Prediction
2026-01-12 12:49:59,646 - INFO - Action: BREACH_PREDICTION | Details: Prediction: 0, Probability: [0.6294102 0.3705898]
2026-01-12 12:50:15,744 - INFO - Action: PAGE_VIEW | Details: Data Management
2026-01-12 12:50:17,991 - INFO - Action: PAGE_VIEW | Details: Breach Prediction
2026-01-12 12:50:20,392 - INFO - Action: PAGE_VIEW | Details: Sampling
2026-01-12 12:50:22,552 - INFO - Action: PAGE_VIEW | Details: Analytics
2026-01-12 12:50:26,014 - INFO - Action: PAGE_VIEW | Details: Sampling
2026-01-12 12:51:07,103 - INFO - Action: PAGE_VIEW | Details: Data Management
2026-01-12 12:51:14,302 - INFO - Action: PAGE_VIEW | Details: Data Management
2026-01-12 12:51:26,196 - INFO - Action: PAGE_VIEW | Details: Data Management
2026-01-12 12:51:31,386 - INFO - Action: PAGE_VIEW | Details: Data Management
2026-01-12 12:51:32,600 - INFO - Action: PAGE_VIEW | Details: Data Management
2026-01-12 12:51:39,392 - INFO - Action: PAGE_VIEW | Details: Data Management
2026-01-12 12:51:39,741 - INFO - Action: PAGE_VIEW | Details: Data Management
2026-01-12 12:51:39,788 - INFO - Action: DATA_MODIFY | Details: Updated 2 records: Age changed from [108, 101] to 55.0
2026-01-12 12:51:40,049 - INFO - Action: PAGE_VIEW | Details: Data Management
2026-01-12 12:53:05,914 - INFO - Action: PAGE_VIEW | Details: Sampling
2026-01-12 12:54:08,862 - INFO - Action: PAGE_VIEW | Details: Breach Prediction
2026-01-12 12:54:14,644 - INFO - Action: PAGE_VIEW | Details: Data Management
2026-01-12 12:54:26,188 - INFO - Action: PAGE_VIEW | Details: Data Management
2026-01-12 12:54:28,926 - INFO - Action: PAGE_VIEW | Details: Data Management
2026-01-12 12:54:36,555 - INFO - Action: PAGE_VIEW | Details: Data Management
2026-01-12 12:54:37,529 - INFO - Action: PAGE_VIEW | Details: Data Management
2026-01-12 12:54:48,083 - INFO - Action: PAGE_VIEW | Details: Data Management
2026-01-12 12:54:48,470 - INFO - Action: PAGE_VIEW | Details: Data Management
2026-01-12 12:54:48,531 - INFO - Action: DATA_MODIFY | Details: Updated 2 records: Age changed from [100, 100] to 70.0
2026-01-12 12:54:48,794 - INFO - Action: PAGE_VIEW | Details: Data Management
2026-01-12 12:56:58,042 - INFO - Action: PAGE_VIEW | Details: Sampling
2026-01-12 12:59:07,908 - INFO - Action: DATA_UPLOAD | Details: File: AED4weeks.csv, Records: 8781
2026-01-12 12:59:09,811 - INFO - Action: DATA_UPLOAD | Details: File: AED4weeks.csv, Records: 8781
2026-01-12 12:59:09,829 - INFO - Action: APP_START | Details: User launched application
2026-01-12 12:59:10,105 - INFO - Action: PAGE_VIEW | Details: Dashboard
2026-01-12 12:59:25,536 - INFO - Action: PAGE_VIEW | Details: Sampling
2026-01-12 12:59:27,478 - INFO - Action: PAGE_VIEW | Details: Sampling
2026-01-12 12:59:27,495 - INFO - Action: SAMPLING | Details: Size: 400, Seed: 67
2026-01-12 12:59:27,751 - INFO - Action: PAGE_VIEW | Details: Sampling
2026-01-12 13:00:29,839 - INFO - Action: DATA_UPLOAD | Details: File: AED4weeks.csv, Records: 8781
2026-01-12 13:00:31,228 - INFO - Action: DATA_UPLOAD | Details: File: AED4weeks.csv, Records: 8781
2026-01-12 13:00:31,238 - INFO - Action: APP_START | Details: User launched application
2026-01-12 13:00:31,419 - INFO - Action: PAGE_VIEW | Details: Dashboard
2026-01-12 13:00:33,593 - INFO - Action: PAGE_VIEW | Details: Sampling
2026-01-12 13:00:35,550 - INFO - Action: PAGE_VIEW | Details: Sampling
2026-01-12 13:00:35,577 - INFO - Action: SAMPLING | Details: Size: 400, Seed: 67
2026-01-12 13:00:35,889 - INFO - Action: PAGE_VIEW | Details: Sampling
2026-01-12 13:04:14,110 - INFO - Action: DATA_UPLOAD | Details: File: AED4weeks.csv, Records: 8781
2026-01-12 13:04:15,828 - INFO - Action: DATA_UPLOAD | Details: File: AED4weeks.csv, Records: 8781
2026-01-12 13:04:15,839 - INFO - Action: APP_START | Details: User launched application
2026-01-12 13:04:16,092 - INFO - Action: PAGE_VIEW | Details: Dashboard
2026-01-12 13:04:18,655 - INFO - Action: PAGE_VIEW | Details: Sampling
2026-01-12 13:04:22,376 - INFO - Action: PAGE_VIEW | Details: Sampling
2026-01-12 13:04:22,392 - INFO - Action: SAMPLING | Details: Size: 400, Seed: 67
2026-01-12 13:04:22,661 - INFO - Action: PAGE_VIEW | Details: Sampling
2026-01-12 13:08:03,812 - INFO - Action: DATA_UPLOAD | Details: File: AED4weeks.csv, Records: 8781
2026-01-12 13:08:05,501 - INFO - Action: DATA_UPLOAD | Details: File: AED4weeks.csv, Records: 8781
2026-01-12 13:08:05,532 - INFO - Action: APP_START | Details: User launched application
2026-01-12 13:08:05,803 - INFO - Action: PAGE_VIEW | Details: Dashboard
2026-01-12 13:08:09,795 - INFO - Action: PAGE_VIEW | Details: Sampling
2026-01-12 13:08:11,842 - INFO - Action: PAGE_VIEW | Details: Sampling
2026-01-12 13:08:11,863 - INFO - Action: SAMPLING | Details: Size: 400, Seed: 67
2026-01-12 13:08:12,157 - INFO - Action: PAGE_VIEW | Details: Sampling
2026-01-12 13:08:44,590 - INFO - Action: PAGE_VIEW | Details: Breach Prediction
2026-01-12 13:08:44,757 - INFO - Action: MODEL_LOAD | Details: XGBoost model loaded
2026-01-12 13:08:46,214 - INFO - Action: PAGE_VIEW | Details: Data Management
2026-01-12 13:08:51,172 - INFO - Action: PAGE_VIEW | Details: Sampling
2026-01-12 13:08:52,433 - INFO - Action: PAGE_VIEW | Details: Breach Prediction
2026-01-12 13:08:53,685 - INFO - Action: PAGE_VIEW | Details: Data Management
2026-01-12 13:11:44,419 - INFO - Action: DATA_UPLOAD | Details: File: AED4weeks.csv, Records: 8781
2026-01-12 13:11:47,388 - INFO - Action: DATA_UPLOAD | Details: File: AED4weeks.csv, Records: 8781
2026-01-12 13:11:47,489 - INFO - Action: APP_START | Details: User launched application
2026-01-12 13:11:47,718 - INFO - Action: PAGE_VIEW | Details: Dashboard
2026-01-12 13:12:10,817 - INFO - Action: PAGE_VIEW | Details: Breach Prediction
2026-01-12 13:12:10,859 - INFO - Action: MODEL_LOAD | Details: XGBoost model loaded
2026-01-12 13:12:21,184 - INFO - Action: PAGE_VIEW | Details: Data Management
2026-01-12 13:12:25,363 - INFO - Action: PAGE_VIEW | Details: Sampling
2026-01-12 13:12:31,530 - INFO - Action: PAGE_VIEW | Details: Breach Prediction
2026-01-12 13:12:33,674 - INFO - Action: PAGE_VIEW | Details: Data Management
2026-01-12 13:15:08,384 - INFO - Action: DATA_UPLOAD | Details: File: AED4weeks.csv, Records: 8781
2026-01-12 13:15:09,557 - INFO - Action: DATA_UPLOAD | Details: File: AED4weeks.csv, Records: 8781
2026-01-12 13:15:09,563 - INFO - Action: APP_START | Details: User launched application
2026-01-12 13:15:09,795 - INFO - Action: PAGE_VIEW | Details: Dashboard
2026-01-12 13:15:37,642 - INFO - Action: PAGE_VIEW | Details: Scheduling
2026-01-12 13:15:39,124 - INFO - Action: PAGE_VIEW | Details: Analytics
2026-01-12 13:15:40,230 - INFO - Action: PAGE_VIEW | Details: Sampling
2026-01-12 13:15:42,281 - INFO - Action: PAGE_VIEW | Details: Analytics
2026-01-12 13:15:42,992 - INFO - Action: PAGE_VIEW | Details: Dashboard
2026-01-12 13:15:48,406 - INFO - Action: PAGE_VIEW | Details: Analytics
2026-01-12 13:15:49,121 - INFO - Action: PAGE_VIEW | Details: Sampling
2026-01-12 13:15:50,677 - INFO - Action: PAGE_VIEW | Details: Breach Prediction
2026-01-12 13:15:50,723 - INFO - Action: MODEL_LOAD | Details: XGBoost model loaded
2026-01-12 13:15:56,064 - INFO - Action: PAGE_VIEW | Details: Data Management
2026-01-12 13:16:08,189 - INFO - Action: PAGE_VIEW | Details: Data Management
2026-01-12 13:16:18,329 - INFO - Action: PAGE_VIEW | Details: Data Management
2026-01-12 13:16:19,627 - INFO - Action: PAGE_VIEW | Details: Data Management
2026-01-12 13:16:27,264 - INFO - Action: PAGE_VIEW | Details: Data Management
2026-01-12 13:16:27,672 - INFO - Action: PAGE_VIEW | Details: Data Management
2026-01-12 13:16:27,778 - INFO - Action: DATA_MODIFY | Details: Updated 2 records: Age changed from [108, 100] to 77.0
2026-01-12 13:16:28,045 - INFO - Action: PAGE_VIEW | Details: Data Management
2026-01-12 13:17:11,826 - INFO - Action: PAGE_VIEW | Details: Dashboard
2026-01-12 13:20:30,981 - INFO - Action: DATA_UPLOAD | Details: File: AED4weeks.csv, Records: 8781
2026-01-12 13:20:32,264 - INFO - Action: DATA_UPLOAD | Details: File: AED4weeks.csv, Records: 8781
2026-01-12 13:20:32,292 - INFO - Action: APP_START | Details: User launched application
2026-01-12 13:20:32,553 - INFO - Action: PAGE_VIEW | Details: Dashboard
2026-01-12 13:20:33,969 - INFO - Action: PAGE_VIEW | Details: Breach Prediction
2026-01-12 13:20:33,994 - INFO - Action: MODEL_LOAD | Details: XGBoost model loaded
2026-01-12 13:20:36,403 - INFO - Action: PAGE_VIEW | Details: Data Management
2026-01-12 13:20:37,543 - INFO - Action: PAGE_VIEW | Details: Dashboard
2026-01-12 13:20:41,870 - INFO - Action: PAGE_VIEW | Details: Scheduling
2026-01-12 13:20:43,911 - INFO - Action: PAGE_VIEW | Details: Analytics
2026-01-12 13:20:45,476 - INFO - Action: PAGE_VIEW | Details: Sampling
2026-01-12 13:20:46,385 - INFO - Action: PAGE_VIEW | Details: Breach Prediction
2026-01-12 13:20:47,877 - INFO - Action: PAGE_VIEW | Details: Data Management
2026-01-12 13:20:58,722 - INFO - Action: SYSTEM_RESET | Details: Application reset to initial state
2026-01-12 13:21:04,288 - INFO - Action: DATA_UPLOAD | Details: File: AED4weeks.csv, Records: 8781
2026-01-12 13:21:05,739 - INFO - Action: DATA_UPLOAD | Details: File: AED4weeks.csv, Records: 8781
2026-01-12 13:21:05,775 - INFO - Action: APP_START | Details: User launched application
2026-01-12 13:21:06,060 - INFO - Action: PAGE_VIEW | Details: Dashboard
2026-01-12 13:21:08,423 - INFO - Action: PAGE_VIEW | Details: Data Management
2026-01-12 13:21:41,642 - INFO - Action: PAGE_VIEW | Details: Data Management
2026-01-12 13:21:53,422 - INFO - Action: PAGE_VIEW | Details: Dashboard
2026-01-12 13:21:54,130 - INFO - Action: PAGE_VIEW | Details: Scheduling
2026-01-12 13:21:55,436 - INFO - Action: PAGE_VIEW | Details: Analytics
2026-01-12 13:21:56,520 - INFO - Action: PAGE_VIEW | Details: Sampling
2026-01-12 13:21:57,623 - INFO - Action: PAGE_VIEW | Details: Analytics
2026-01-12 13:22:07,209 - INFO - Action: PAGE_VIEW | Details: Dashboard
2026-01-12 13:22:09,016 - INFO - Action: PAGE_VIEW | Details: Scheduling
2026-01-12 13:22:11,528 - INFO - Action: PAGE_VIEW | Details: Sampling
2026-01-12 13:22:16,511 - INFO - Action: PAGE_VIEW | Details: Analytics
2026-01-12 13:39:07,978 - INFO - Action: DATA_UPLOAD | Details: File: AED4weeks.csv, Records: 8781
2026-01-12 13:39:23,407 - INFO - Action: APP_START | Details: User launched application
2026-01-12 13:39:23,741 - INFO - Action: PAGE_VIEW | Details: Dashboard
2026-01-12 13:49:40,776 - INFO - Action: DATA_UPLOAD | Details: File: AED4weeks.csv
2026-01-12 13:51:45,139 - INFO - Action: LOCAL_DATA_LOAD | Details: File: AED4weeks.csv
2026-01-12 13:51:47,063 - INFO - Action: APP_START | Details: User launched application
2026-01-12 13:51:47,363 - INFO - Action: PAGE_VIEW | Details: Dashboard
2026-01-12 13:51:50,946 - INFO - Action: PAGE_VIEW | Details: Scheduling
2026-01-12 13:51:53,083 - INFO - Action: PAGE_VIEW | Details: Scheduling
2026-01-12 13:51:53,188 - INFO - Action: SCHEDULE_OPTIMIZATION | Details: Task 1 - Cost: £1,755.00
2026-01-12 13:51:53,378 - INFO - Action: PAGE_VIEW | Details: Scheduling
2026-01-12 13:51:59,999 - INFO - Action: PAGE_VIEW | Details: Scheduling
2026-01-12 13:52:00,256 - INFO - Action: SCHEDULE_OPTIMIZATION | Details: Task 2 - Deviation: 3.67
2026-01-12 13:52:00,554 - INFO - Action: PAGE_VIEW | Details: Scheduling
2026-01-12 13:52:05,493 - INFO - Action: PAGE_VIEW | Details: Scheduling
2026-01-12 13:52:05,844 - INFO - Action: SCHEDULE_OPTIMIZATION | Details: Task 3 - Cost: £1,762.00
2026-01-12 13:52:06,139 - INFO - Action: PAGE_VIEW | Details: Scheduling
2026-01-12 13:52:14,440 - INFO - Action: PAGE_VIEW | Details: Sampling
2026-01-12 13:52:26,812 - INFO - Action: PAGE_VIEW | Details: Sampling
2026-01-12 13:52:28,772 - INFO - Action: PAGE_VIEW | Details: Breach Prediction
2026-01-12 13:52:28,813 - INFO - Action: MODEL_LOAD | Details: XGBoost model loaded
2026-01-12 13:52:30,010 - INFO - Action: PAGE_VIEW | Details: Data Management
2026-01-12 13:52:30,986 - INFO - Action: PAGE_VIEW | Details: Breach Prediction
2026-01-12 13:52:36,025 - INFO - Action: PAGE_VIEW | Details: Breach Prediction
2026-01-12 13:52:36,115 - INFO - Action: BREACH_PREDICTION | Details: Prediction: 1, Probability: [0.46581692 0.5341831 ]
2026-01-12 13:52:43,030 - INFO - Action: PAGE_VIEW | Details: Breach Prediction
2026-01-12 13:52:43,105 - INFO - Action: BREACH_PREDICTION | Details: Prediction: 1, Probability: [0.46581692 0.5341831 ]
2026-01-12 13:53:01,491 - INFO - Action: PAGE_VIEW | Details: Data Management
2026-01-12 13:53:07,482 - INFO - Action: PAGE_VIEW | Details: Breach Prediction
2026-01-12 13:53:44,992 - INFO - Action: LOCAL_DATA_LOAD | Details: File: AED4weeks.csv
2026-01-12 13:53:46,975 - INFO - Action: APP_START | Details: User launched application
2026-01-12 13:53:47,247 - INFO - Action: PAGE_VIEW | Details: Dashboard
2026-01-12 13:53:53,640 - INFO - Action: PAGE_VIEW | Details: Dashboard
2026-01-12 13:53:57,422 - INFO - Action: APP_EXIT | Details: User exited application
2026-01-12 13:54:03,381 - INFO - Action: LOCAL_DATA_LOAD | Details: File: AED4weeks.csv
2026-01-12 13:54:07,192 - INFO - Action: APP_START | Details: User launched application
2026-01-12 13:54:07,511 - INFO - Action: PAGE_VIEW | Details: Dashboard
2026-01-12 13:54:09,742 - INFO - Action: PAGE_VIEW | Details: Breach Prediction
2026-01-12 13:54:09,822 - INFO - Action: MODEL_LOAD | Details: XGBoost model loaded
2026-01-12 13:54:15,175 - INFO - Action: PAGE_VIEW | Details: Breach Prediction
2026-01-12 13:54:15,300 - INFO - Action: BREACH_PREDICTION | Details: Prediction: 1, Probability: [0.46581692 0.5341831 ]
2026-01-12 13:55:16,875 - INFO - Action: LOCAL_DATA_LOAD | Details: File: AED4weeks.csv
2026-01-12 13:55:18,456 - INFO - Action: APP_START | Details: User launched application
2026-01-12 13:55:18,744 - INFO - Action: PAGE_VIEW | Details: Dashboard
2026-01-12 13:55:20,621 - INFO - Action: PAGE_VIEW | Details: Breach Prediction
2026-01-12 13:55:20,651 - INFO - Action: MODEL_LOAD | Details: XGBoost model loaded
2026-01-12 13:55:22,513 - INFO - Action: PAGE_VIEW | Details: Breach Prediction
2026-01-12 13:55:22,579 - INFO - Action: BREACH_PREDICTION | Details: Prediction: 1, Probability: [0.46581692 0.5341831 ]
2026-01-12 13:55:30,801 - INFO - Action: PAGE_VIEW | Details: Data Management
2026-01-12 13:55:32,178 - INFO - Action: PAGE_VIEW | Details: Sampling
2026-01-12 13:57:05,275 - INFO - Action: LOCAL_DATA_LOAD | Details: File: AED4weeks.csv
2026-01-12 13:57:06,594 - INFO - Action: APP_START | Details: User launched application
2026-01-12 13:57:06,859 - INFO - Action: PAGE_VIEW | Details: Dashboard
2026-01-12 13:57:08,747 - INFO - Action: PAGE_VIEW | Details: Analytics
2026-01-12 13:57:18,313 - INFO - Action: PAGE_VIEW | Details: Sampling
2026-01-12 13:57:19,261 - INFO - Action: PAGE_VIEW | Details: Dashboard
2026-01-12 13:57:20,316 - INFO - Action: PAGE_VIEW | Details: Scheduling
2026-01-12 13:57:21,851 - INFO - Action: PAGE_VIEW | Details: Dashboard
2026-01-12 13:57:31,410 - INFO - Action: APP_EXIT | Details: User exited application
2026-01-12 13:59:24,775 - INFO - Action: LOCAL_DATA_LOAD | Details: File: AED4weeks.csv
2026-01-12 13:59:26,686 - INFO - Action: APP_START | Details: User launched application
2026-01-12 13:59:26,940 - INFO - Action: PAGE_VIEW | Details: Dashboard
2026-01-12 13:59:40,846 - INFO - Action: PAGE_VIEW | Details: Scheduling
2026-01-12 13:59:43,439 - INFO - Action: PAGE_VIEW | Details: Analytics
2026-01-12 14:00:04,221 - INFO - Action: PAGE_VIEW | Details: Sampling
2026-01-12 14:00:06,338 - INFO - Action: PAGE_VIEW | Details: Breach Prediction
2026-01-12 14:00:06,401 - INFO - Action: MODEL_LOAD | Details: XGBoost model loaded
2026-01-12 14:00:09,574 - INFO - Action: PAGE_VIEW | Details: Breach Prediction
2026-01-12 14:00:09,659 - INFO - Action: BREACH_PREDICTION | Details: Prediction: 1, Probability: [0.46581692 0.5341831 ]
2026-01-12 14:00:22,099 - INFO - Action: PAGE_VIEW | Details: Data Management
2026-01-12 14:00:30,715 - INFO - Action: PAGE_VIEW | Details: Analytics
2026-01-12 14:00:47,182 - INFO - Action: PAGE_VIEW | Details: Sampling
2026-01-12 14:00:51,030 - INFO - Action: PAGE_VIEW | Details: Sampling
2026-01-12 14:00:51,040 - INFO - Action: SAMPLING | Details: Size: 400, Seed: 67
2026-01-12 14:00:51,237 - INFO - Action: PAGE_VIEW | Details: Sampling
2026-01-12 14:01:01,220 - INFO - Action: PAGE_VIEW | Details: Analytics
2026-01-12 14:01:14,186 - INFO - Action: PAGE_VIEW | Details: Dashboard
2026-01-12 14:01:37,564 - INFO - Action: APP_EXIT | Details: User exited application
2026-01-12 14:01:40,619 - INFO - Action: APP_START | Details: User launched application
2026-01-12 14:01:40,965 - INFO - Action: PAGE_VIEW | Details: Dashboard
2026-01-12 14:01:47,311 - INFO - Action: APP_EXIT | Details: User exited application
2026-01-12 14:03:14,622 - INFO - Action: LOCAL_DATA_LOAD | Details: File: AED4weeks.csv
2026-01-12 14:03:17,833 - INFO - Action: APP_START | Details: User launched application
2026-01-12 14:03:18,108 - INFO - Action: PAGE_VIEW | Details: Dashboard
2026-01-12 14:03:21,845 - INFO - Action: PAGE_VIEW | Details: Scheduling
2026-01-12 14:03:23,602 - INFO - Action: PAGE_VIEW | Details: Scheduling
2026-01-12 14:03:23,749 - INFO - Action: SCHEDULE_OPTIMIZATION | Details: Task 1 - Cost: £1,755.00
2026-01-12 14:03:24,057 - INFO - Action: PAGE_VIEW | Details: Scheduling
2026-01-12 14:03:30,393 - INFO - Action: PAGE_VIEW | Details: Analytics
2026-01-12 14:03:32,702 - INFO - Action: PAGE_VIEW | Details: Sampling
2026-01-12 14:03:35,051 - INFO - Action: PAGE_VIEW | Details: Sampling
2026-01-12 14:03:35,069 - INFO - Action: SAMPLING | Details: Size: 400, Seed: 67
2026-01-12 14:03:35,332 - INFO - Action: PAGE_VIEW | Details: Sampling
2026-01-12 14:03:38,978 - INFO - Action: PAGE_VIEW | Details: Breach Prediction
2026-01-12 14:03:38,998 - INFO - Action: MODEL_LOAD | Details: XGBoost model loaded
2026-01-12 14:03:40,587 - INFO - Action: PAGE_VIEW | Details: Breach Prediction
2026-01-12 14:03:40,661 - INFO - Action: BREACH_PREDICTION | Details: Prediction: 1, Probability: [0.46581692 0.5341831 ]
2026-01-12 14:03:44,282 - INFO - Action: PAGE_VIEW | Details: Data Management
2026-01-12 14:16:01,509 - INFO - Action: PAGE_VIEW | Details: Sampling
2026-01-12 14:16:03,782 - INFO - Action: PAGE_VIEW | Details: Sampling
2026-01-12 14:16:03,814 - INFO - Action: SAMPLING | Details: Size: 400, Seed: 67
2026-01-12 14:16:04,087 - INFO - Action: PAGE_VIEW | Details: Sampling
2026-01-12 14:16:20,386 - INFO - Action: PAGE_VIEW | Details: Sampling
2026-01-12 14:16:20,556 - INFO - Action: PAGE_VIEW | Details: Sampling
2026-01-12 14:16:20,717 - INFO - Action: PAGE_VIEW | Details: Sampling
2026-01-12 14:16:20,941 - INFO - Action: PAGE_VIEW | Details: Sampling
2026-01-12 14:16:21,105 - INFO - Action: PAGE_VIEW | Details: Sampling
2026-01-12 14:16:21,256 - INFO - Action: PAGE_VIEW | Details: Sampling
2026-01-12 14:16:25,073 - INFO - Action: PAGE_VIEW | Details: Sampling
2026-01-12 14:16:26,377 - INFO - Action: PAGE_VIEW | Details: Sampling
2026-01-12 14:16:26,388 - INFO - Action: SAMPLING | Details: Size: 400, Seed: 171717
2026-01-12 14:16:26,591 - INFO - Action: PAGE_VIEW | Details: Sampling
